{
  "stats": {
    "suites": 1,
    "tests": 1,
    "passes": 1,
    "pending": 0,
    "failures": 0,
    "start": "2021-01-27T02:43:51.903Z",
    "end": "2021-01-27T02:43:58.405Z",
    "duration": 6502,
    "testsRegistered": 1,
    "passPercent": 100,
    "pendingPercent": 0,
    "other": 0,
    "hasOther": false,
    "skipped": 0,
    "hasSkipped": false
  },
  "results": [
    {
      "uuid": "d33b8a0c-8feb-4509-ae7d-4c2a7a828327",
      "title": "",
      "fullFile": "cypress\\TestCase\\dome.js",
      "file": "cypress\\TestCase\\dome.js",
      "beforeHooks": [],
      "afterHooks": [],
      "tests": [],
      "suites": [
        {
          "uuid": "28642e74-ef2e-46df-8db3-3a50a04b413f",
          "title": "登录后-访问首页",
          "fullFile": "",
          "file": "",
          "beforeHooks": [],
          "afterHooks": [],
          "tests": [
            {
              "title": "进入客户列表",
              "fullTitle": "登录后-访问首页 进入客户列表",
              "timedOut": null,
              "duration": 6483,
              "state": "passed",
              "speed": "slow",
              "pass": true,
              "fail": false,
              "pending": false,
              "context": null,
              "code": "cy.get(\".layout-menu-icon\").click();\ncy.get(\"[title=客户管理]\").click();\ncy.get(\"[title=客户列表]\").click();",
              "err": {},
              "uuid": "1df87ac5-0b2d-45d4-8196-bee3d51c6552",
              "parentUUID": "28642e74-ef2e-46df-8db3-3a50a04b413f",
              "isHook": false,
              "skipped": false
            }
          ],
          "suites": [],
          "passes": [
            "1df87ac5-0b2d-45d4-8196-bee3d51c6552"
          ],
          "failures": [],
          "pending": [],
          "skipped": [],
          "duration": 6483,
          "root": false,
          "rootEmpty": false,
          "_timeout": 2000
        }
      ],
      "passes": [],
      "failures": [],
      "pending": [],
      "skipped": [],
      "duration": 0,
      "root": true,
      "rootEmpty": true,
      "_timeout": 2000
    }
  ],
  "meta": {
    "mocha": {
      "version": "7.0.1"
    },
    "mochawesome": {
      "options": {
        "quiet": false,
        "reportFilename": "mochawesome",
        "saveHtml": false,
        "saveJson": true,
        "consoleReporter": "spec",
        "useInlineDiffs": false,
        "code": true
      },
      "version": "6.2.1"
    },
    "marge": {
      "options": {
        "overwrite": false,
        "html": false,
        "json": true
      },
      "version": "5.1.0"
    }
  }
}