{
  "stats": {
    "suites": 1,
    "tests": 1,
    "passes": 1,
    "pending": 0,
    "failures": 0,
    "start": "2021-01-27T02:40:00.245Z",
    "end": "2021-01-27T02:40:06.570Z",
    "duration": 6325,
    "testsRegistered": 1,
    "passPercent": 100,
    "pendingPercent": 0,
    "other": 0,
    "hasOther": false,
    "skipped": 0,
    "hasSkipped": false
  },
  "results": [
    {
      "uuid": "2bb61087-0083-44a7-b436-65eb4477544d",
      "title": "",
      "fullFile": "cypress\\TestCase\\dome.js",
      "file": "cypress\\TestCase\\dome.js",
      "beforeHooks": [],
      "afterHooks": [],
      "tests": [],
      "suites": [
        {
          "uuid": "a43c10ad-7746-4898-a2c6-f1f58f373fae",
          "title": "登录后-访问首页",
          "fullFile": "",
          "file": "",
          "beforeHooks": [],
          "afterHooks": [],
          "tests": [
            {
              "title": "进入客户列表",
              "fullTitle": "登录后-访问首页 进入客户列表",
              "timedOut": null,
              "duration": 6291,
              "state": "passed",
              "speed": "slow",
              "pass": true,
              "fail": false,
              "pending": false,
              "context": null,
              "code": "cy.get(\".layout-menu-icon\").click();\ncy.get(\"[title=客户管理]\").click();\ncy.get(\"[title=客户列表]\").click();",
              "err": {},
              "uuid": "e8d4576a-42bb-4b03-8f39-c4990be7c681",
              "parentUUID": "a43c10ad-7746-4898-a2c6-f1f58f373fae",
              "isHook": false,
              "skipped": false
            }
          ],
          "suites": [],
          "passes": [
            "e8d4576a-42bb-4b03-8f39-c4990be7c681"
          ],
          "failures": [],
          "pending": [],
          "skipped": [],
          "duration": 6291,
          "root": false,
          "rootEmpty": false,
          "_timeout": 2000
        }
      ],
      "passes": [],
      "failures": [],
      "pending": [],
      "skipped": [],
      "duration": 0,
      "root": true,
      "rootEmpty": true,
      "_timeout": 2000
    }
  ],
  "meta": {
    "mocha": {
      "version": "7.0.1"
    },
    "mochawesome": {
      "options": {
        "quiet": false,
        "reportFilename": "mochawesome",
        "saveHtml": false,
        "saveJson": true,
        "consoleReporter": "spec",
        "useInlineDiffs": false,
        "code": true
      },
      "version": "6.2.1"
    },
    "marge": {
      "options": {
        "overwrite": false,
        "html": false,
        "json": true
      },
      "version": "5.1.0"
    }
  }
}