{
  "stats": {
    "suites": 1,
    "tests": 2,
    "passes": 2,
    "pending": 0,
    "failures": 0,
    "start": "2021-01-29T07:43:06.860Z",
    "end": "2021-01-29T07:43:26.161Z",
    "duration": 19301,
    "testsRegistered": 2,
    "passPercent": 100,
    "pendingPercent": 0,
    "other": 0,
    "hasOther": false,
    "skipped": 0,
    "hasSkipped": false
  },
  "results": [
    {
      "uuid": "075e073a-22c1-4d5c-a62f-bc9bc0f0f3fa",
      "title": "",
      "fullFile": "cypress\\TestCase\\test1.js",
      "file": "cypress\\TestCase\\test1.js",
      "beforeHooks": [],
      "afterHooks": [],
      "tests": [],
      "suites": [
        {
          "uuid": "16e1f72b-6fe0-4e61-96cb-487a1e02e041",
          "title": "测试项目",
          "fullFile": "",
          "file": "",
          "beforeHooks": [],
          "afterHooks": [],
          "tests": [
            {
              "title": "进入客户列表",
              "fullTitle": "测试项目 进入客户列表",
              "timedOut": null,
              "duration": 18398,
              "state": "passed",
              "speed": "slow",
              "pass": true,
              "fail": false,
              "pending": false,
              "context": null,
              "code": "cy.log(\"2222\");\ncy.get(\".layout-menu-icon\").click();\ncy.get(\"[title=客户管理]\").click();\ncy.get(\"[title=客户列表]\").click();",
              "err": {},
              "uuid": "40b8fe8e-a2ee-4f26-a39c-e744b83a0f4f",
              "parentUUID": "16e1f72b-6fe0-4e61-96cb-487a1e02e041",
              "isHook": false,
              "skipped": false
            },
            {
              "title": "销售管理",
              "fullTitle": "测试项目 销售管理",
              "timedOut": null,
              "duration": 831,
              "state": "passed",
              "speed": "slow",
              "pass": true,
              "fail": false,
              "pending": false,
              "context": null,
              "code": "cy.get(':nth-child(5) > .el-submenu > .el-submenu__title').click();\ncy.get('[title=经营报表]').click();",
              "err": {},
              "uuid": "71414db6-ac83-4955-87ef-edd42c87b90e",
              "parentUUID": "16e1f72b-6fe0-4e61-96cb-487a1e02e041",
              "isHook": false,
              "skipped": false
            }
          ],
          "suites": [],
          "passes": [
            "40b8fe8e-a2ee-4f26-a39c-e744b83a0f4f",
            "71414db6-ac83-4955-87ef-edd42c87b90e"
          ],
          "failures": [],
          "pending": [],
          "skipped": [],
          "duration": 19229,
          "root": false,
          "rootEmpty": false,
          "_timeout": 2000
        }
      ],
      "passes": [],
      "failures": [],
      "pending": [],
      "skipped": [],
      "duration": 0,
      "root": true,
      "rootEmpty": true,
      "_timeout": 2000
    }
  ],
  "meta": {
    "mocha": {
      "version": "7.0.1"
    },
    "mochawesome": {
      "options": {
        "quiet": false,
        "reportFilename": "mochawesome",
        "saveHtml": false,
        "saveJson": true,
        "consoleReporter": "spec",
        "useInlineDiffs": false,
        "code": true
      },
      "version": "6.2.1"
    },
    "marge": {
      "options": {
        "overwrite": false,
        "html": false,
        "json": true
      },
      "version": "5.1.0"
    }
  }
}